[2017-04-23T16:45:21,559][INFO ][o.e.n.Node               ] [] initializing ...
[2017-04-23T16:45:21,703][INFO ][o.e.e.NodeEnvironment    ] [RqeTE2H] using [1] data paths, mounts [[/ (/dev/disk1)]], net usable_space [17.3gb], net total_space [232.6gb], spins? [unknown], types [hfs]
[2017-04-23T16:45:21,703][INFO ][o.e.e.NodeEnvironment    ] [RqeTE2H] heap size [1.9gb], compressed ordinary object pointers [true]
[2017-04-23T16:45:21,705][INFO ][o.e.n.Node               ] node name [RqeTE2H] derived from node ID [RqeTE2HIST2fI-uPTesquA]; set [node.name] to override
[2017-04-23T16:45:21,705][INFO ][o.e.n.Node               ] version[5.3.1], pid[27001], build[5f9cf58/2017-04-17T15:52:53.846Z], OS[Mac OS X/10.12/x86_64], JVM[Oracle Corporation/Java HotSpot(TM) 64-Bit Server VM/1.8.0_131/25.131-b11]
[2017-04-23T16:45:23,161][INFO ][o.e.p.PluginsService     ] [RqeTE2H] loaded module [aggs-matrix-stats]
[2017-04-23T16:45:23,161][INFO ][o.e.p.PluginsService     ] [RqeTE2H] loaded module [ingest-common]
[2017-04-23T16:45:23,162][INFO ][o.e.p.PluginsService     ] [RqeTE2H] loaded module [lang-expression]
[2017-04-23T16:45:23,162][INFO ][o.e.p.PluginsService     ] [RqeTE2H] loaded module [lang-groovy]
[2017-04-23T16:45:23,162][INFO ][o.e.p.PluginsService     ] [RqeTE2H] loaded module [lang-mustache]
[2017-04-23T16:45:23,162][INFO ][o.e.p.PluginsService     ] [RqeTE2H] loaded module [lang-painless]
[2017-04-23T16:45:23,162][INFO ][o.e.p.PluginsService     ] [RqeTE2H] loaded module [percolator]
[2017-04-23T16:45:23,162][INFO ][o.e.p.PluginsService     ] [RqeTE2H] loaded module [reindex]
[2017-04-23T16:45:23,163][INFO ][o.e.p.PluginsService     ] [RqeTE2H] loaded module [transport-netty3]
[2017-04-23T16:45:23,163][INFO ][o.e.p.PluginsService     ] [RqeTE2H] loaded module [transport-netty4]
[2017-04-23T16:45:23,164][INFO ][o.e.p.PluginsService     ] [RqeTE2H] no plugins loaded
[2017-04-23T16:45:25,612][INFO ][o.e.n.Node               ] initialized
[2017-04-23T16:45:25,613][INFO ][o.e.n.Node               ] [RqeTE2H] starting ...
[2017-04-23T16:45:25,918][INFO ][o.e.t.TransportService   ] [RqeTE2H] publish_address {127.0.0.1:9300}, bound_addresses {[fe80::1]:9300}, {[::1]:9300}, {127.0.0.1:9300}
[2017-04-23T16:45:28,992][INFO ][o.e.c.s.ClusterService   ] [RqeTE2H] new_master {RqeTE2H}{RqeTE2HIST2fI-uPTesquA}{gT6E3iZISfOFyoIX7J4G5g}{127.0.0.1}{127.0.0.1:9300}, reason: zen-disco-elected-as-master ([0] nodes joined)
[2017-04-23T16:45:29,012][INFO ][o.e.h.n.Netty4HttpServerTransport] [RqeTE2H] publish_address {127.0.0.1:9200}, bound_addresses {[fe80::1]:9200}, {[::1]:9200}, {127.0.0.1:9200}
[2017-04-23T16:45:29,015][INFO ][o.e.n.Node               ] [RqeTE2H] started
[2017-04-23T16:45:29,017][INFO ][o.e.g.GatewayService     ] [RqeTE2H] recovered [0] indices into cluster_state
[2017-04-23T16:45:59,009][WARN ][o.e.c.r.a.DiskThresholdMonitor] [RqeTE2H] high disk watermark [90%] exceeded on [RqeTE2HIST2fI-uPTesquA][RqeTE2H][/Users/FredFeyzi/Desktop/ShotClock/shotclock/elasticsearch-5.3.1/data/nodes/0] free: 17.3gb[7.4%], shards will be relocated away from this node
[2017-04-23T16:45:59,010][INFO ][o.e.c.r.a.DiskThresholdMonitor] [RqeTE2H] rerouting shards: [high disk watermark exceeded on one or more nodes]
[2017-04-23T16:46:29,020][WARN ][o.e.c.r.a.DiskThresholdMonitor] [RqeTE2H] high disk watermark [90%] exceeded on [RqeTE2HIST2fI-uPTesquA][RqeTE2H][/Users/FredFeyzi/Desktop/ShotClock/shotclock/elasticsearch-5.3.1/data/nodes/0] free: 17.3gb[7.4%], shards will be relocated away from this node
[2017-04-23T16:46:59,026][WARN ][o.e.c.r.a.DiskThresholdMonitor] [RqeTE2H] high disk watermark [90%] exceeded on [RqeTE2HIST2fI-uPTesquA][RqeTE2H][/Users/FredFeyzi/Desktop/ShotClock/shotclock/elasticsearch-5.3.1/data/nodes/0] free: 17.3gb[7.4%], shards will be relocated away from this node
[2017-04-23T16:46:59,027][INFO ][o.e.c.r.a.DiskThresholdMonitor] [RqeTE2H] rerouting shards: [high disk watermark exceeded on one or more nodes]
[2017-04-23T16:47:29,031][WARN ][o.e.c.r.a.DiskThresholdMonitor] [RqeTE2H] high disk watermark [90%] exceeded on [RqeTE2HIST2fI-uPTesquA][RqeTE2H][/Users/FredFeyzi/Desktop/ShotClock/shotclock/elasticsearch-5.3.1/data/nodes/0] free: 17.3gb[7.4%], shards will be relocated away from this node
[2017-04-23T16:47:59,043][WARN ][o.e.c.r.a.DiskThresholdMonitor] [RqeTE2H] high disk watermark [90%] exceeded on [RqeTE2HIST2fI-uPTesquA][RqeTE2H][/Users/FredFeyzi/Desktop/ShotClock/shotclock/elasticsearch-5.3.1/data/nodes/0] free: 17.3gb[7.4%], shards will be relocated away from this node
[2017-04-23T16:47:59,050][INFO ][o.e.c.r.a.DiskThresholdMonitor] [RqeTE2H] rerouting shards: [high disk watermark exceeded on one or more nodes]
[2017-04-23T16:48:29,050][WARN ][o.e.c.r.a.DiskThresholdMonitor] [RqeTE2H] high disk watermark [90%] exceeded on [RqeTE2HIST2fI-uPTesquA][RqeTE2H][/Users/FredFeyzi/Desktop/ShotClock/shotclock/elasticsearch-5.3.1/data/nodes/0] free: 17.3gb[7.4%], shards will be relocated away from this node
[2017-04-23T16:48:59,056][WARN ][o.e.c.r.a.DiskThresholdMonitor] [RqeTE2H] high disk watermark [90%] exceeded on [RqeTE2HIST2fI-uPTesquA][RqeTE2H][/Users/FredFeyzi/Desktop/ShotClock/shotclock/elasticsearch-5.3.1/data/nodes/0] free: 17.3gb[7.4%], shards will be relocated away from this node
[2017-04-23T16:48:59,063][INFO ][o.e.c.r.a.DiskThresholdMonitor] [RqeTE2H] rerouting shards: [high disk watermark exceeded on one or more nodes]
[2017-04-23T16:49:29,068][WARN ][o.e.c.r.a.DiskThresholdMonitor] [RqeTE2H] high disk watermark [90%] exceeded on [RqeTE2HIST2fI-uPTesquA][RqeTE2H][/Users/FredFeyzi/Desktop/ShotClock/shotclock/elasticsearch-5.3.1/data/nodes/0] free: 17.3gb[7.4%], shards will be relocated away from this node
[2017-04-23T16:49:59,073][WARN ][o.e.c.r.a.DiskThresholdMonitor] [RqeTE2H] high disk watermark [90%] exceeded on [RqeTE2HIST2fI-uPTesquA][RqeTE2H][/Users/FredFeyzi/Desktop/ShotClock/shotclock/elasticsearch-5.3.1/data/nodes/0] free: 17.3gb[7.4%], shards will be relocated away from this node
[2017-04-23T16:49:59,074][INFO ][o.e.c.r.a.DiskThresholdMonitor] [RqeTE2H] rerouting shards: [high disk watermark exceeded on one or more nodes]
[2017-04-23T16:50:29,077][WARN ][o.e.c.r.a.DiskThresholdMonitor] [RqeTE2H] high disk watermark [90%] exceeded on [RqeTE2HIST2fI-uPTesquA][RqeTE2H][/Users/FredFeyzi/Desktop/ShotClock/shotclock/elasticsearch-5.3.1/data/nodes/0] free: 17.3gb[7.4%], shards will be relocated away from this node
[2017-04-23T16:50:59,078][WARN ][o.e.c.r.a.DiskThresholdMonitor] [RqeTE2H] high disk watermark [90%] exceeded on [RqeTE2HIST2fI-uPTesquA][RqeTE2H][/Users/FredFeyzi/Desktop/ShotClock/shotclock/elasticsearch-5.3.1/data/nodes/0] free: 17.3gb[7.4%], shards will be relocated away from this node
[2017-04-23T16:50:59,078][INFO ][o.e.c.r.a.DiskThresholdMonitor] [RqeTE2H] rerouting shards: [high disk watermark exceeded on one or more nodes]
[2017-04-23T16:51:29,079][WARN ][o.e.c.r.a.DiskThresholdMonitor] [RqeTE2H] high disk watermark [90%] exceeded on [RqeTE2HIST2fI-uPTesquA][RqeTE2H][/Users/FredFeyzi/Desktop/ShotClock/shotclock/elasticsearch-5.3.1/data/nodes/0] free: 17.3gb[7.4%], shards will be relocated away from this node
[2017-04-23T16:51:59,081][WARN ][o.e.c.r.a.DiskThresholdMonitor] [RqeTE2H] high disk watermark [90%] exceeded on [RqeTE2HIST2fI-uPTesquA][RqeTE2H][/Users/FredFeyzi/Desktop/ShotClock/shotclock/elasticsearch-5.3.1/data/nodes/0] free: 17.3gb[7.4%], shards will be relocated away from this node
[2017-04-23T16:51:59,082][INFO ][o.e.c.r.a.DiskThresholdMonitor] [RqeTE2H] rerouting shards: [high disk watermark exceeded on one or more nodes]
[2017-04-23T16:52:29,087][WARN ][o.e.c.r.a.DiskThresholdMonitor] [RqeTE2H] high disk watermark [90%] exceeded on [RqeTE2HIST2fI-uPTesquA][RqeTE2H][/Users/FredFeyzi/Desktop/ShotClock/shotclock/elasticsearch-5.3.1/data/nodes/0] free: 17.3gb[7.4%], shards will be relocated away from this node
[2017-04-23T16:52:59,091][WARN ][o.e.c.r.a.DiskThresholdMonitor] [RqeTE2H] high disk watermark [90%] exceeded on [RqeTE2HIST2fI-uPTesquA][RqeTE2H][/Users/FredFeyzi/Desktop/ShotClock/shotclock/elasticsearch-5.3.1/data/nodes/0] free: 17.3gb[7.4%], shards will be relocated away from this node
[2017-04-23T16:52:59,092][INFO ][o.e.c.r.a.DiskThresholdMonitor] [RqeTE2H] rerouting shards: [high disk watermark exceeded on one or more nodes]
[2017-04-23T16:53:25,847][INFO ][o.e.n.Node               ] [RqeTE2H] stopping ...
[2017-04-23T16:53:25,875][INFO ][o.e.n.Node               ] [RqeTE2H] stopped
[2017-04-23T16:53:25,875][INFO ][o.e.n.Node               ] [RqeTE2H] closing ...
[2017-04-23T16:53:25,886][INFO ][o.e.n.Node               ] [RqeTE2H] closed
[2017-04-23T16:54:29,048][INFO ][o.e.n.Node               ] [] initializing ...
[2017-04-23T16:54:29,128][INFO ][o.e.e.NodeEnvironment    ] [RqeTE2H] using [1] data paths, mounts [[/ (/dev/disk1)]], net usable_space [17.3gb], net total_space [232.6gb], spins? [unknown], types [hfs]
[2017-04-23T16:54:29,128][INFO ][o.e.e.NodeEnvironment    ] [RqeTE2H] heap size [1.9gb], compressed ordinary object pointers [true]
[2017-04-23T16:54:29,130][INFO ][o.e.n.Node               ] node name [RqeTE2H] derived from node ID [RqeTE2HIST2fI-uPTesquA]; set [node.name] to override
[2017-04-23T16:54:29,130][INFO ][o.e.n.Node               ] version[5.3.1], pid[27131], build[5f9cf58/2017-04-17T15:52:53.846Z], OS[Mac OS X/10.12/x86_64], JVM[Oracle Corporation/Java HotSpot(TM) 64-Bit Server VM/1.8.0_131/25.131-b11]
[2017-04-23T16:54:30,408][INFO ][o.e.p.PluginsService     ] [RqeTE2H] loaded module [aggs-matrix-stats]
[2017-04-23T16:54:30,408][INFO ][o.e.p.PluginsService     ] [RqeTE2H] loaded module [ingest-common]
[2017-04-23T16:54:30,408][INFO ][o.e.p.PluginsService     ] [RqeTE2H] loaded module [lang-expression]
[2017-04-23T16:54:30,408][INFO ][o.e.p.PluginsService     ] [RqeTE2H] loaded module [lang-groovy]
[2017-04-23T16:54:30,408][INFO ][o.e.p.PluginsService     ] [RqeTE2H] loaded module [lang-mustache]
[2017-04-23T16:54:30,409][INFO ][o.e.p.PluginsService     ] [RqeTE2H] loaded module [lang-painless]
[2017-04-23T16:54:30,409][INFO ][o.e.p.PluginsService     ] [RqeTE2H] loaded module [percolator]
[2017-04-23T16:54:30,409][INFO ][o.e.p.PluginsService     ] [RqeTE2H] loaded module [reindex]
[2017-04-23T16:54:30,409][INFO ][o.e.p.PluginsService     ] [RqeTE2H] loaded module [transport-netty3]
[2017-04-23T16:54:30,409][INFO ][o.e.p.PluginsService     ] [RqeTE2H] loaded module [transport-netty4]
[2017-04-23T16:54:30,410][INFO ][o.e.p.PluginsService     ] [RqeTE2H] no plugins loaded
[2017-04-23T16:54:32,565][INFO ][o.e.n.Node               ] initialized
[2017-04-23T16:54:32,565][INFO ][o.e.n.Node               ] [RqeTE2H] starting ...
[2017-04-23T16:54:32,903][INFO ][o.e.t.TransportService   ] [RqeTE2H] publish_address {127.0.0.1:9300}, bound_addresses {[fe80::1]:9300}, {[::1]:9300}, {127.0.0.1:9300}
[2017-04-23T16:54:35,973][INFO ][o.e.c.s.ClusterService   ] [RqeTE2H] new_master {RqeTE2H}{RqeTE2HIST2fI-uPTesquA}{1pPSgf9qSbepOlKUls0BqQ}{127.0.0.1}{127.0.0.1:9300}, reason: zen-disco-elected-as-master ([0] nodes joined)
[2017-04-23T16:54:36,001][INFO ][o.e.h.n.Netty4HttpServerTransport] [RqeTE2H] publish_address {127.0.0.1:9200}, bound_addresses {[fe80::1]:9200}, {[::1]:9200}, {127.0.0.1:9200}
[2017-04-23T16:54:36,003][INFO ][o.e.g.GatewayService     ] [RqeTE2H] recovered [0] indices into cluster_state
[2017-04-23T16:54:36,004][INFO ][o.e.n.Node               ] [RqeTE2H] started
[2017-04-23T16:55:05,992][WARN ][o.e.c.r.a.DiskThresholdMonitor] [RqeTE2H] high disk watermark [90%] exceeded on [RqeTE2HIST2fI-uPTesquA][RqeTE2H][/Users/FredFeyzi/Desktop/ShotClock/shotclock/elasticsearch-5.3.1/data/nodes/0] free: 17.3gb[7.4%], shards will be relocated away from this node
[2017-04-23T16:55:05,999][INFO ][o.e.c.r.a.DiskThresholdMonitor] [RqeTE2H] rerouting shards: [high disk watermark exceeded on one or more nodes]
[2017-04-23T16:55:36,010][WARN ][o.e.c.r.a.DiskThresholdMonitor] [RqeTE2H] high disk watermark [90%] exceeded on [RqeTE2HIST2fI-uPTesquA][RqeTE2H][/Users/FredFeyzi/Desktop/ShotClock/shotclock/elasticsearch-5.3.1/data/nodes/0] free: 17.3gb[7.4%], shards will be relocated away from this node
[2017-04-23T16:56:06,020][WARN ][o.e.c.r.a.DiskThresholdMonitor] [RqeTE2H] high disk watermark [90%] exceeded on [RqeTE2HIST2fI-uPTesquA][RqeTE2H][/Users/FredFeyzi/Desktop/ShotClock/shotclock/elasticsearch-5.3.1/data/nodes/0] free: 17.3gb[7.4%], shards will be relocated away from this node
[2017-04-23T16:56:06,021][INFO ][o.e.c.r.a.DiskThresholdMonitor] [RqeTE2H] rerouting shards: [high disk watermark exceeded on one or more nodes]
[2017-04-23T16:56:36,024][WARN ][o.e.c.r.a.DiskThresholdMonitor] [RqeTE2H] high disk watermark [90%] exceeded on [RqeTE2HIST2fI-uPTesquA][RqeTE2H][/Users/FredFeyzi/Desktop/ShotClock/shotclock/elasticsearch-5.3.1/data/nodes/0] free: 17.3gb[7.4%], shards will be relocated away from this node
[2017-04-23T16:57:06,031][WARN ][o.e.c.r.a.DiskThresholdMonitor] [RqeTE2H] high disk watermark [90%] exceeded on [RqeTE2HIST2fI-uPTesquA][RqeTE2H][/Users/FredFeyzi/Desktop/ShotClock/shotclock/elasticsearch-5.3.1/data/nodes/0] free: 17.3gb[7.4%], shards will be relocated away from this node
[2017-04-23T16:57:06,032][INFO ][o.e.c.r.a.DiskThresholdMonitor] [RqeTE2H] rerouting shards: [high disk watermark exceeded on one or more nodes]
[2017-04-23T16:57:36,034][WARN ][o.e.c.r.a.DiskThresholdMonitor] [RqeTE2H] high disk watermark [90%] exceeded on [RqeTE2HIST2fI-uPTesquA][RqeTE2H][/Users/FredFeyzi/Desktop/ShotClock/shotclock/elasticsearch-5.3.1/data/nodes/0] free: 17.3gb[7.4%], shards will be relocated away from this node
[2017-04-23T16:58:06,037][WARN ][o.e.c.r.a.DiskThresholdMonitor] [RqeTE2H] high disk watermark [90%] exceeded on [RqeTE2HIST2fI-uPTesquA][RqeTE2H][/Users/FredFeyzi/Desktop/ShotClock/shotclock/elasticsearch-5.3.1/data/nodes/0] free: 17.3gb[7.4%], shards will be relocated away from this node
[2017-04-23T16:58:06,037][INFO ][o.e.c.r.a.DiskThresholdMonitor] [RqeTE2H] rerouting shards: [high disk watermark exceeded on one or more nodes]
[2017-04-23T16:58:36,039][WARN ][o.e.c.r.a.DiskThresholdMonitor] [RqeTE2H] high disk watermark [90%] exceeded on [RqeTE2HIST2fI-uPTesquA][RqeTE2H][/Users/FredFeyzi/Desktop/ShotClock/shotclock/elasticsearch-5.3.1/data/nodes/0] free: 17.3gb[7.4%], shards will be relocated away from this node
[2017-04-23T16:58:44,959][INFO ][o.e.n.Node               ] [RqeTE2H] stopping ...
[2017-04-23T16:58:44,983][INFO ][o.e.n.Node               ] [RqeTE2H] stopped
[2017-04-23T16:58:44,983][INFO ][o.e.n.Node               ] [RqeTE2H] closing ...
[2017-04-23T16:58:44,991][INFO ][o.e.n.Node               ] [RqeTE2H] closed
